2024-04-14 20:40:57.611 [info] Log level: Info
2024-04-14 20:40:57.611 [info] Validating found git in: "git"
2024-04-14 20:40:57.611 [info] Using git "2.44.0" from "git"
2024-04-14 20:40:57.611 [info] > git rev-parse --show-toplevel [6ms]
2024-04-14 20:40:57.611 [info] fatal: not a git repository (or any parent up to mount point /)
Stopping at filesystem boundary (GIT_DISCOVERY_ACROSS_FILESYSTEM not set).
2024-04-14 20:40:59.087 [info] > git rev-parse --show-toplevel [1ms]
2024-04-14 20:40:59.088 [info] fatal: not a git repository (or any parent up to mount point /)
Stopping at filesystem boundary (GIT_DISCOVERY_ACROSS_FILESYSTEM not set).
2024-04-14 20:57:53.392 [info] > git rev-parse --show-toplevel [2ms]
2024-04-14 20:57:53.392 [info] fatal: not a git repository (or any parent up to mount point /)
Stopping at filesystem boundary (GIT_DISCOVERY_ACROSS_FILESYSTEM not set).
2024-04-14 20:58:38.199 [info] > git rev-parse --show-toplevel [1ms]
2024-04-14 20:58:38.199 [info] fatal: not a git repository (or any parent up to mount point /)
Stopping at filesystem boundary (GIT_DISCOVERY_ACROSS_FILESYSTEM not set).
2024-04-14 20:58:42.125 [info] > git rev-parse --show-toplevel [1ms]
2024-04-14 20:58:42.125 [info] fatal: not a git repository (or any parent up to mount point /)
Stopping at filesystem boundary (GIT_DISCOVERY_ACROSS_FILESYSTEM not set).
2024-04-14 21:00:18.274 [info] > git rev-parse --show-toplevel [1ms]
2024-04-14 21:00:18.274 [info] fatal: not a git repository (or any parent up to mount point /)
Stopping at filesystem boundary (GIT_DISCOVERY_ACROSS_FILESYSTEM not set).
2024-04-14 21:00:26.556 [info] > git rev-parse --show-toplevel [1ms]
2024-04-14 21:00:26.556 [info] fatal: not a git repository (or any parent up to mount point /)
Stopping at filesystem boundary (GIT_DISCOVERY_ACROSS_FILESYSTEM not set).
2024-04-14 21:00:57.634 [info] > git rev-parse --show-toplevel [2ms]
2024-04-14 21:00:57.634 [info] fatal: not a git repository (or any parent up to mount point /)
Stopping at filesystem boundary (GIT_DISCOVERY_ACROSS_FILESYSTEM not set).
